Arguments: 
  D:\node.js\node.exe C:\Users\86156\AppData\Roaming\npm\node_modules\yarn\bin\yarn.js add echarts --save

PATH: 
  C:\Windows\system32;C:\Windows;C:\Windows\System32\Wbem;C:\Windows\System32\WindowsPowerShell\v1.0\;C:\Windows\System32\OpenSSH\;C:\Program Files (x86)\NVIDIA Corporation\PhysX\Common;C:\Program Files\NVIDIA Corporation\NVIDIA NvDLISR;C:\Program Files\Microsoft SQL Server\Client SDK\ODBC\110\Tools\Binn\;C:\Program Files\Microsoft SQL Server\Client SDK\ODBC\170\Tools\Binn\;C:\Program Files\Microsoft SQL Server\Client SDK\ODBC\130\Tools\Binn\;C:\Program Files (x86)\Microsoft SQL Server\140\Tools\Binn\;C:\Program Files\Microsoft SQL Server\140\Tools\Binn\;C:\Program Files\Microsoft SQL Server\140\DTS\Binn\;C:\WINDOWS\system32;C:\WINDOWS;C:\WINDOWS\System32\Wbem;C:\WINDOWS\System32\WindowsPowerShell\v1.0\;C:\WINDOWS\System32\OpenSSH\;gram Files\TortoiseGit\bin;D:\mysql\mysql-8.0.29-winx64\bin;C:\Program Files\Microsoft SQL Server\150\Tools\Binn\;D:\node.js;C:\Program Files (x86)\Microsoft SQL Server\150\Tools\Binn\;C:\Program Files\Microsoft SQL Server\150\DTS\Binn\;C:\Program Files\Git\cmd;C:\Program Files (x86)\Git\cmd;D:\软件安装地\Bandizip\;C:\Users\86156\AppData\Local\Programs\Python\Python311\Scripts\;C:\Users\86156\AppData\Local\Programs\Python\Python311\;C:\Ruby31-x64\bin;C:\Users\86156\AppData\Local\Microsoft\WindowsApps;C:\Program Files\Azure Data Studio\bin;C:\Users\86156\AppData\Roaming\npm;D:\VSCode\Microsoft VS Code\bin;D:\VsCode Insiders\Microsoft VS Code Insiders\bin

Yarn version: 
  1.22.18

Node version: 
  16.15.0

Platform: 
  win32 x64

Trace: 
  Error: EPERM: operation not permitted, copyfile 'C:\Users\86156\AppData\Local\Yarn\Cache\v6\npm-uview-ui-2.0.31-85679c0ef7ecfde0672d4ef74af813506ea1bcca-integrity\node_modules\uview-ui\components\u-back-top\u-back-top.vue' -> 'D:\常用文件夹\HBuilder X\QAmoy\node_modules\uview-ui\components\u-back-top\u-back-top.vue'

npm manifest: 
  {
    "dependencies": {
      "moment": "^2.29.4",
      "uview-ui": "2.0.31"
    }
  }

yarn manifest: 
  No manifest

Lockfile: 
  # THIS IS AN AUTOGENERATED FILE. DO NOT EDIT THIS FILE DIRECTLY.
  # yarn lockfile v1
  
  
  moment@^2.29.4:
    version "2.29.4"
    resolved "https://registry.npmmirror.com/moment/-/moment-2.29.4.tgz#3dbe052889fe7c1b2ed966fcb3a77328964ef108"
    integrity sha512-5LC9SOxjSc2HF6vO2CyuTDNivEdoz2IvyJJGj6X8DJ0eFyfszE0QiEd+iXmBvUP3WHxSjFH/vIsA0EN00cgr8w==
  
  uview-ui@2.0.31:
    version "2.0.31"
    resolved "https://registry.npmmirror.com/uview-ui/-/uview-ui-2.0.31.tgz#85679c0ef7ecfde0672d4ef74af813506ea1bcca"
    integrity sha512-I/0fGuvtiKHH/mBb864SGYk+SJ7WaF32tsBgYgeBOsxlUp+Th+Ac2tgz2cTvsQJl6eZYWsKZ3ixiSXCAcxZ8Sw==
